{"/home/waleed/Documents/Reddit/app/components/NewsItem/index.js": {"path":"/home/waleed/Documents/Reddit/app/components/NewsItem/index.js","statementMap":{"0":{"start":{"line":1,"column":42},"end":{"line":1,"column":97}},"1":{"start":{"line":1,"column":128},"end":{"line":1,"column":184}},"2":{"start":{"line":1,"column":185},"end":{"line":1,"column":247}},"3":{"start":{"line":1,"column":247},"end":{"line":1,"column":272}},"4":{"start":{"line":1,"column":295},"end":{"line":1,"column":367}},"5":{"start":{"line":1,"column":388},"end":{"line":1,"column":457}},"6":{"start":{"line":1,"column":492},"end":{"line":1,"column":575}},"7":{"start":{"line":1,"column":599},"end":{"line":1,"column":671}},"8":{"start":{"line":1,"column":689},"end":{"line":1,"column":755}},"9":{"start":{"line":1,"column":769},"end":{"line":1,"column":810}},"10":{"start":{"line":2,"column":19},"end":{"line":2,"column":42}},"11":{"start":{"line":3,"column":14},"end":{"line":3,"column":57}},"12":{"start":{"line":4,"column":14},"end":{"line":4,"column":55}},"13":{"start":{"line":4,"column":75},"end":{"line":4,"column":139}},"14":{"start":{"line":5,"column":11},"end":{"line":93,"column":57}},"15":{"start":{"line":5,"column":44},"end":{"line":5,"column":100}},"16":{"start":{"line":5,"column":152},"end":{"line":5,"column":198}},"17":{"start":{"line":5,"column":198},"end":{"line":5,"column":318}},"18":{"start":{"line":5,"column":214},"end":{"line":5,"column":230}},"19":{"start":{"line":5,"column":239},"end":{"line":5,"column":254}},"20":{"start":{"line":5,"column":263},"end":{"line":5,"column":264}},"21":{"start":{"line":5,"column":288},"end":{"line":5,"column":317}},"22":{"start":{"line":5,"column":318},"end":{"line":5,"column":485}},"23":{"start":{"line":5,"column":485},"end":{"line":8,"column":6}},"24":{"start":{"line":7,"column":6},"end":{"line":7,"column":46}},"25":{"start":{"line":8,"column":6},"end":{"line":8,"column":19}},"26":{"start":{"line":8,"column":20},"end":{"line":93,"column":10}},"27":{"start":{"line":11,"column":14},"end":{"line":11,"column":64}},"28":{"start":{"line":12,"column":6},"end":{"line":12,"column":68}},"29":{"start":{"line":16,"column":18},"end":{"line":16,"column":95}},"30":{"start":{"line":17,"column":6},"end":{"line":21,"column":7}},"31":{"start":{"line":18,"column":8},"end":{"line":18,"column":21}},"32":{"start":{"line":20,"column":8},"end":{"line":20,"column":20}},"33":{"start":{"line":25,"column":17},"end":{"line":25,"column":36}},"34":{"start":{"line":26,"column":13},"end":{"line":26,"column":26}},"35":{"start":{"line":27,"column":6},"end":{"line":87,"column":138}},"36":{"start":{"line":93,"column":10},"end":{"line":93,"column":26}},"37":{"start":{"line":96,"column":0},"end":{"line":96,"column":8}},"38":{"start":{"line":96,"column":9},"end":{"line":96,"column":36}}},"fnMap":{"0":{"name":"(anonymous_0)","decl":{"start":{"line":5,"column":11},"end":{"line":5,"column":12}},"loc":{"start":{"line":5,"column":43},"end":{"line":93,"column":27}},"line":5},"1":{"name":"NewsItem","decl":{"start":{"line":5,"column":109},"end":{"line":5,"column":117}},"loc":{"start":{"line":5,"column":120},"end":{"line":8,"column":20}},"line":5},"2":{"name":"(anonymous_2)","decl":{"start":{"line":6,"column":15},"end":{"line":6,"column":16}},"loc":{"start":{"line":6,"column":27},"end":{"line":8,"column":5}},"line":6},"3":{"name":"timeAgo","decl":{"start":{"line":8,"column":92},"end":{"line":8,"column":99}},"loc":{"start":{"line":10,"column":14},"end":{"line":13,"column":5}},"line":10},"4":{"name":"validUrl","decl":{"start":{"line":13,"column":44},"end":{"line":13,"column":52}},"loc":{"start":{"line":15,"column":9},"end":{"line":22,"column":5}},"line":15},"5":{"name":"render","decl":{"start":{"line":22,"column":42},"end":{"line":22,"column":48}},"loc":{"start":{"line":24,"column":4},"end":{"line":93,"column":5}},"line":24}},"branchMap":{"0":{"loc":{"start":{"line":17,"column":6},"end":{"line":21,"column":7}},"type":"if","locations":[{"start":{"line":17,"column":6},"end":{"line":21,"column":7}},{"start":{"line":17,"column":6},"end":{"line":21,"column":7}}],"line":17},"1":{"loc":{"start":{"line":33,"column":8},"end":{"line":38,"column":99}},"type":"cond-expr","locations":[{"start":{"line":34,"column":8},"end":{"line":34,"column":181}},{"start":{"line":36,"column":8},"end":{"line":38,"column":99}}],"line":33}},"s":{"0":2,"1":2,"2":2,"3":2,"4":2,"5":2,"6":2,"7":2,"8":2,"9":2,"10":2,"11":2,"12":2,"13":2,"14":2,"15":2,"16":0,"17":0,"18":0,"19":0,"20":0,"21":0,"22":0,"23":0,"24":0,"25":0,"26":2,"27":0,"28":0,"29":0,"30":0,"31":0,"32":0,"33":0,"34":0,"35":0,"36":2,"37":2,"38":2},"f":{"0":2,"1":0,"2":0,"3":0,"4":0,"5":0},"b":{"0":[0,0],"1":[0,0]},"_coverageSchema":"43e27e138ebf9cfc5966b082cf9a028302ed4184","hash":"ee687fade7412c1e975251f7324024e3acc135ae"}
,"/home/waleed/Documents/Reddit/app/components/NewsItem/styles.js": {"path":"/home/waleed/Documents/Reddit/app/components/NewsItem/styles.js","statementMap":{"0":{"start":{"line":1,"column":13},"end":{"line":1,"column":75}},"1":{"start":{"line":1,"column":75},"end":{"line":1,"column":100}},"2":{"start":{"line":1,"column":119},"end":{"line":1,"column":142}},"3":{"start":{"line":3,"column":13},"end":{"line":34,"column":30}},"4":{"start":{"line":38,"column":0},"end":{"line":38,"column":6}},"5":{"start":{"line":38,"column":7},"end":{"line":38,"column":34}}},"fnMap":{},"branchMap":{},"s":{"0":2,"1":2,"2":2,"3":2,"4":2,"5":2},"f":{},"b":{},"_coverageSchema":"43e27e138ebf9cfc5966b082cf9a028302ed4184","hash":"1ae9ce6edf729e558316b99bcb4238f5056cf772"}
,"/home/waleed/Documents/Reddit/app/components/NewsList/Index.js": {"path":"/home/waleed/Documents/Reddit/app/components/NewsList/Index.js","statementMap":{"0":{"start":{"line":1,"column":42},"end":{"line":1,"column":97}},"1":{"start":{"line":1,"column":128},"end":{"line":1,"column":184}},"2":{"start":{"line":1,"column":185},"end":{"line":1,"column":247}},"3":{"start":{"line":1,"column":247},"end":{"line":1,"column":272}},"4":{"start":{"line":1,"column":295},"end":{"line":1,"column":367}},"5":{"start":{"line":1,"column":388},"end":{"line":1,"column":457}},"6":{"start":{"line":1,"column":492},"end":{"line":1,"column":575}},"7":{"start":{"line":1,"column":599},"end":{"line":1,"column":671}},"8":{"start":{"line":1,"column":689},"end":{"line":1,"column":755}},"9":{"start":{"line":1,"column":769},"end":{"line":1,"column":810}},"10":{"start":{"line":2,"column":19},"end":{"line":2,"column":42}},"11":{"start":{"line":3,"column":18},"end":{"line":3,"column":40}},"12":{"start":{"line":4,"column":14},"end":{"line":4,"column":57}},"13":{"start":{"line":5,"column":16},"end":{"line":5,"column":62}},"14":{"start":{"line":6,"column":18},"end":{"line":6,"column":59}},"15":{"start":{"line":6,"column":79},"end":{"line":6,"column":143}},"16":{"start":{"line":7,"column":11},"end":{"line":51,"column":45}},"17":{"start":{"line":7,"column":34},"end":{"line":7,"column":80}},"18":{"start":{"line":7,"column":132},"end":{"line":7,"column":178}},"19":{"start":{"line":7,"column":178},"end":{"line":7,"column":298}},"20":{"start":{"line":7,"column":194},"end":{"line":7,"column":210}},"21":{"start":{"line":7,"column":219},"end":{"line":7,"column":234}},"22":{"start":{"line":7,"column":243},"end":{"line":7,"column":244}},"23":{"start":{"line":7,"column":268},"end":{"line":7,"column":297}},"24":{"start":{"line":7,"column":298},"end":{"line":7,"column":465}},"25":{"start":{"line":7,"column":465},"end":{"line":8,"column":36}},"26":{"start":{"line":8,"column":36},"end":{"line":10,"column":66}},"27":{"start":{"line":10,"column":44},"end":{"line":10,"column":64}},"28":{"start":{"line":10,"column":66},"end":{"line":18,"column":6}},"29":{"start":{"line":13,"column":6},"end":{"line":17,"column":9}},"30":{"start":{"line":14,"column":23},"end":{"line":14,"column":46}},"31":{"start":{"line":15,"column":8},"end":{"line":15,"column":44}},"32":{"start":{"line":16,"column":8},"end":{"line":16,"column":38}},"33":{"start":{"line":18,"column":6},"end":{"line":27,"column":88}},"34":{"start":{"line":20,"column":46},"end":{"line":20,"column":55}},"35":{"start":{"line":20,"column":56},"end":{"line":27,"column":86}},"36":{"start":{"line":27,"column":88},"end":{"line":27,"column":101}},"37":{"start":{"line":27,"column":102},"end":{"line":51,"column":10}},"38":{"start":{"line":32,"column":6},"end":{"line":32,"column":27}},"39":{"start":{"line":36,"column":6},"end":{"line":36,"column":42}},"40":{"start":{"line":40,"column":13},"end":{"line":40,"column":28}},"41":{"start":{"line":41,"column":6},"end":{"line":47,"column":98}},"42":{"start":{"line":51,"column":10},"end":{"line":51,"column":26}},"43":{"start":{"line":54,"column":22},"end":{"line":57,"column":1}},"44":{"start":{"line":55,"column":9},"end":{"line":55,"column":19}},"45":{"start":{"line":56,"column":2},"end":{"line":56,"column":24}},"46":{"start":{"line":59,"column":0},"end":{"line":62,"column":9}},"47":{"start":{"line":62,"column":10},"end":{"line":62,"column":37}}},"fnMap":{"0":{"name":"(anonymous_0)","decl":{"start":{"line":7,"column":11},"end":{"line":7,"column":12}},"loc":{"start":{"line":7,"column":33},"end":{"line":51,"column":27}},"line":7},"1":{"name":"NewsList","decl":{"start":{"line":7,"column":89},"end":{"line":7,"column":97}},"loc":{"start":{"line":7,"column":100},"end":{"line":27,"column":102}},"line":7},"2":{"name":"(anonymous_2)","decl":{"start":{"line":10,"column":20},"end":{"line":10,"column":21}},"loc":{"start":{"line":10,"column":43},"end":{"line":10,"column":65}},"line":10},"3":{"name":"(anonymous_3)","decl":{"start":{"line":12,"column":19},"end":{"line":12,"column":20}},"loc":{"start":{"line":12,"column":33},"end":{"line":18,"column":5}},"line":12},"4":{"name":"(anonymous_4)","decl":{"start":{"line":13,"column":21},"end":{"line":13,"column":22}},"loc":{"start":{"line":13,"column":38},"end":{"line":17,"column":7}},"line":13},"5":{"name":"(anonymous_5)","decl":{"start":{"line":20,"column":18},"end":{"line":20,"column":19}},"loc":{"start":{"line":20,"column":34},"end":{"line":27,"column":87}},"line":20},"6":{"name":"componentWillMount","decl":{"start":{"line":27,"column":185},"end":{"line":27,"column":203}},"loc":{"start":{"line":31,"column":4},"end":{"line":33,"column":5}},"line":31},"7":{"name":"componentWillReceiveProps","decl":{"start":{"line":33,"column":61},"end":{"line":33,"column":86}},"loc":{"start":{"line":35,"column":15},"end":{"line":37,"column":5}},"line":35},"8":{"name":"render","decl":{"start":{"line":37,"column":42},"end":{"line":37,"column":48}},"loc":{"start":{"line":39,"column":4},"end":{"line":51,"column":5}},"line":39},"9":{"name":"mapStateToProps","decl":{"start":{"line":54,"column":31},"end":{"line":54,"column":46}},"loc":{"start":{"line":54,"column":54},"end":{"line":57,"column":1}},"line":54}},"branchMap":{},"s":{"0":1,"1":1,"2":1,"3":1,"4":1,"5":1,"6":1,"7":1,"8":1,"9":1,"10":1,"11":1,"12":1,"13":1,"14":1,"15":1,"16":1,"17":1,"18":0,"19":0,"20":0,"21":0,"22":0,"23":0,"24":0,"25":0,"26":0,"27":0,"28":0,"29":0,"30":0,"31":0,"32":0,"33":0,"34":0,"35":0,"36":0,"37":1,"38":0,"39":0,"40":0,"41":0,"42":1,"43":1,"44":0,"45":0,"46":1,"47":1},"f":{"0":1,"1":0,"2":0,"3":0,"4":0,"5":0,"6":0,"7":0,"8":0,"9":0},"b":{},"_coverageSchema":"43e27e138ebf9cfc5966b082cf9a028302ed4184","hash":"f24f48476252d59c6eefd2bad710467955b17626"}
,"/home/waleed/Documents/Reddit/app/components/NewsList/styles.js": {"path":"/home/waleed/Documents/Reddit/app/components/NewsList/styles.js","statementMap":{"0":{"start":{"line":1,"column":13},"end":{"line":1,"column":75}},"1":{"start":{"line":1,"column":75},"end":{"line":1,"column":100}},"2":{"start":{"line":1,"column":119},"end":{"line":1,"column":142}},"3":{"start":{"line":3,"column":13},"end":{"line":8,"column":22}},"4":{"start":{"line":13,"column":0},"end":{"line":13,"column":6}},"5":{"start":{"line":13,"column":7},"end":{"line":13,"column":34}}},"fnMap":{},"branchMap":{},"s":{"0":1,"1":1,"2":1,"3":1,"4":1,"5":1},"f":{},"b":{},"_coverageSchema":"43e27e138ebf9cfc5966b082cf9a028302ed4184","hash":"c9568cb89d57a3571f6ea068702cb11a9617291a"}
,"/home/waleed/Documents/Reddit/app/config/index.js": {"path":"/home/waleed/Documents/Reddit/app/config/index.js","statementMap":{"0":{"start":{"line":1,"column":13},"end":{"line":1,"column":75}},"1":{"start":{"line":1,"column":75},"end":{"line":1,"column":99}},"2":{"start":{"line":1,"column":112},"end":{"line":2,"column":38}},"3":{"start":{"line":2,"column":39},"end":{"line":2,"column":63}}},"fnMap":{},"branchMap":{},"s":{"0":1,"1":1,"2":1,"3":1},"f":{},"b":{},"_coverageSchema":"43e27e138ebf9cfc5966b082cf9a028302ed4184","hash":"9be25abb5f0b7f4285da987b8b8e8f1aba52ca49"}
,"/home/waleed/Documents/Reddit/app/store/store.js": {"path":"/home/waleed/Documents/Reddit/app/store/store.js","statementMap":{"0":{"start":{"line":1,"column":42},"end":{"line":1,"column":97}},"1":{"start":{"line":1,"column":98},"end":{"line":1,"column":160}},"2":{"start":{"line":1,"column":160},"end":{"line":1,"column":185}},"3":{"start":{"line":1,"column":198},"end":{"line":1,"column":214}},"4":{"start":{"line":2,"column":18},"end":{"line":2,"column":64}},"5":{"start":{"line":3,"column":19},"end":{"line":3,"column":66}},"6":{"start":{"line":4,"column":19},"end":{"line":4,"column":54}},"7":{"start":{"line":6,"column":18},"end":{"line":7,"column":35}},"8":{"start":{"line":9,"column":12},"end":{"line":9,"column":120}},"9":{"start":{"line":11,"column":0},"end":{"line":11,"column":5}},"10":{"start":{"line":11,"column":6},"end":{"line":11,"column":33}}},"fnMap":{},"branchMap":{},"s":{"0":2,"1":2,"2":2,"3":2,"4":2,"5":2,"6":2,"7":2,"8":2,"9":2,"10":2},"f":{},"b":{},"_coverageSchema":"43e27e138ebf9cfc5966b082cf9a028302ed4184","hash":"7bd3f928274ac18a14f7f1c22a615a5e2c2afff8"}
,"/home/waleed/Documents/Reddit/app/store/types.js": {"path":"/home/waleed/Documents/Reddit/app/store/types.js","statementMap":{"0":{"start":{"line":1,"column":13},"end":{"line":1,"column":75}},"1":{"start":{"line":1,"column":75},"end":{"line":1,"column":102}},"2":{"start":{"line":1,"column":118},"end":{"line":1,"column":129}},"3":{"start":{"line":1,"column":130},"end":{"line":1,"column":160}}},"fnMap":{},"branchMap":{},"s":{"0":2,"1":2,"2":2,"3":2},"f":{},"b":{},"_coverageSchema":"43e27e138ebf9cfc5966b082cf9a028302ed4184","hash":"3b62628cacd780afcf33b67947e48a4fdb6b2c7b"}
,"/home/waleed/Documents/Reddit/app/store/actions/NewsAction.js": {"path":"/home/waleed/Documents/Reddit/app/store/actions/NewsAction.js","statementMap":{"0":{"start":{"line":1,"column":42},"end":{"line":1,"column":97}},"1":{"start":{"line":1,"column":98},"end":{"line":1,"column":160}},"2":{"start":{"line":1,"column":160},"end":{"line":1,"column":186}},"3":{"start":{"line":1,"column":199},"end":{"line":1,"column":239}},"4":{"start":{"line":2,"column":13},"end":{"line":2,"column":56}},"5":{"start":{"line":3,"column":13},"end":{"line":3,"column":42}},"6":{"start":{"line":4,"column":13},"end":{"line":4,"column":32}},"7":{"start":{"line":7,"column":2},"end":{"line":21,"column":4}},"8":{"start":{"line":8,"column":14},"end":{"line":8,"column":55}},"9":{"start":{"line":9,"column":4},"end":{"line":20,"column":7}},"10":{"start":{"line":12,"column":6},"end":{"line":12,"column":28}},"11":{"start":{"line":13,"column":6},"end":{"line":15,"column":48}},"12":{"start":{"line":19,"column":6},"end":{"line":19,"column":25}}},"fnMap":{"0":{"name":"getList","decl":{"start":{"line":6,"column":9},"end":{"line":6,"column":16}},"loc":{"start":{"line":6,"column":19},"end":{"line":22,"column":1}},"line":6},"1":{"name":"(anonymous_1)","decl":{"start":{"line":7,"column":9},"end":{"line":7,"column":10}},"loc":{"start":{"line":7,"column":29},"end":{"line":21,"column":3}},"line":7},"2":{"name":"(anonymous_2)","decl":{"start":{"line":11,"column":9},"end":{"line":11,"column":10}},"loc":{"start":{"line":11,"column":29},"end":{"line":17,"column":5}},"line":11},"3":{"name":"(anonymous_3)","decl":{"start":{"line":18,"column":10},"end":{"line":18,"column":11}},"loc":{"start":{"line":18,"column":27},"end":{"line":20,"column":5}},"line":18}},"branchMap":{},"s":{"0":1,"1":1,"2":1,"3":1,"4":1,"5":1,"6":1,"7":0,"8":0,"9":0,"10":0,"11":0,"12":0},"f":{"0":0,"1":0,"2":0,"3":0},"b":{},"_coverageSchema":"43e27e138ebf9cfc5966b082cf9a028302ed4184","hash":"77b03af8663b5c5d6e389c427d06e78a18439e84"}
,"/home/waleed/Documents/Reddit/app/store/reducer/NewsReducer.js": {"path":"/home/waleed/Documents/Reddit/app/store/reducer/NewsReducer.js","statementMap":{"0":{"start":{"line":1,"column":42},"end":{"line":1,"column":97}},"1":{"start":{"line":1,"column":98},"end":{"line":1,"column":160}},"2":{"start":{"line":1,"column":160},"end":{"line":1,"column":189}},"3":{"start":{"line":1,"column":212},"end":{"line":1,"column":284}},"4":{"start":{"line":1,"column":298},"end":{"line":1,"column":314}},"5":{"start":{"line":2,"column":13},"end":{"line":2,"column":32}},"6":{"start":{"line":2,"column":86},"end":{"line":2,"column":105}},"7":{"start":{"line":2,"column":106},"end":{"line":2,"column":351}},"8":{"start":{"line":2,"column":155},"end":{"line":2,"column":191}},"9":{"start":{"line":2,"column":192},"end":{"line":2,"column":319}},"10":{"start":{"line":2,"column":212},"end":{"line":2,"column":319}},"11":{"start":{"line":2,"column":253},"end":{"line":2,"column":316}},"12":{"start":{"line":2,"column":319},"end":{"line":2,"column":350}},"13":{"start":{"line":2,"column":351},"end":{"line":2,"column":363}},"14":{"start":{"line":2,"column":396},"end":{"line":2,"column":865}},"15":{"start":{"line":2,"column":409},"end":{"line":2,"column":410}},"16":{"start":{"line":2,"column":453},"end":{"line":2,"column":493}},"17":{"start":{"line":2,"column":494},"end":{"line":2,"column":864}},"18":{"start":{"line":2,"column":506},"end":{"line":2,"column":611}},"19":{"start":{"line":2,"column":552},"end":{"line":2,"column":608}},"20":{"start":{"line":2,"column":618},"end":{"line":2,"column":864}},"21":{"start":{"line":2,"column":657},"end":{"line":2,"column":731}},"22":{"start":{"line":2,"column":739},"end":{"line":2,"column":863}},"23":{"start":{"line":2,"column":779},"end":{"line":2,"column":860}},"24":{"start":{"line":2,"column":865},"end":{"line":2,"column":879}},"25":{"start":{"line":4,"column":20},"end":{"line":6,"column":17}},"26":{"start":{"line":9,"column":18},"end":{"line":16,"column":1}},"27":{"start":{"line":9,"column":54},"end":{"line":9,"column":135}},"28":{"start":{"line":9,"column":149},"end":{"line":9,"column":196}},"29":{"start":{"line":10,"column":2},"end":{"line":14,"column":20}},"30":{"start":{"line":12,"column":6},"end":{"line":12,"column":80}},"31":{"start":{"line":14,"column":6},"end":{"line":14,"column":19}},"32":{"start":{"line":16,"column":2},"end":{"line":16,"column":36}}},"fnMap":{"0":{"name":"ownKeys","decl":{"start":{"line":2,"column":42},"end":{"line":2,"column":49}},"loc":{"start":{"line":2,"column":74},"end":{"line":2,"column":364}},"line":2},"1":{"name":"(anonymous_1)","decl":{"start":{"line":2,"column":237},"end":{"line":2,"column":238}},"loc":{"start":{"line":2,"column":252},"end":{"line":2,"column":317}},"line":2},"2":{"name":"_objectSpread","decl":{"start":{"line":2,"column":373},"end":{"line":2,"column":386}},"loc":{"start":{"line":2,"column":395},"end":{"line":2,"column":880}},"line":2},"3":{"name":"(anonymous_3)","decl":{"start":{"line":2,"column":536},"end":{"line":2,"column":537}},"loc":{"start":{"line":2,"column":551},"end":{"line":2,"column":609}},"line":2},"4":{"name":"(anonymous_4)","decl":{"start":{"line":2,"column":763},"end":{"line":2,"column":764}},"loc":{"start":{"line":2,"column":778},"end":{"line":2,"column":861}},"line":2},"5":{"name":"newsReducer","decl":{"start":{"line":9,"column":27},"end":{"line":9,"column":38}},"loc":{"start":{"line":9,"column":41},"end":{"line":16,"column":1}},"line":9}},"branchMap":{"0":{"loc":{"start":{"line":2,"column":106},"end":{"line":2,"column":351}},"type":"if","locations":[{"start":{"line":2,"column":106},"end":{"line":2,"column":351}},{"start":{"line":2,"column":106},"end":{"line":2,"column":351}}],"line":2},"1":{"loc":{"start":{"line":2,"column":192},"end":{"line":2,"column":319}},"type":"if","locations":[{"start":{"line":2,"column":192},"end":{"line":2,"column":319}},{"start":{"line":2,"column":192},"end":{"line":2,"column":319}}],"line":2},"2":{"loc":{"start":{"line":2,"column":453},"end":{"line":2,"column":493}},"type":"cond-expr","locations":[{"start":{"line":2,"column":476},"end":{"line":2,"column":488}},{"start":{"line":2,"column":491},"end":{"line":2,"column":493}}],"line":2},"3":{"loc":{"start":{"line":2,"column":494},"end":{"line":2,"column":864}},"type":"if","locations":[{"start":{"line":2,"column":494},"end":{"line":2,"column":864}},{"start":{"line":2,"column":494},"end":{"line":2,"column":864}}],"line":2},"4":{"loc":{"start":{"line":2,"column":618},"end":{"line":2,"column":864}},"type":"if","locations":[{"start":{"line":2,"column":618},"end":{"line":2,"column":864}},{"start":{"line":2,"column":618},"end":{"line":2,"column":864}}],"line":2},"5":{"loc":{"start":{"line":9,"column":54},"end":{"line":9,"column":135}},"type":"cond-expr","locations":[{"start":{"line":9,"column":107},"end":{"line":9,"column":119}},{"start":{"line":9,"column":122},"end":{"line":9,"column":135}}],"line":9},"6":{"loc":{"start":{"line":9,"column":54},"end":{"line":9,"column":104}},"type":"binary-expr","locations":[{"start":{"line":9,"column":54},"end":{"line":9,"column":74}},{"start":{"line":9,"column":78},"end":{"line":9,"column":104}}],"line":9},"7":{"loc":{"start":{"line":9,"column":149},"end":{"line":9,"column":196}},"type":"cond-expr","locations":[{"start":{"line":9,"column":172},"end":{"line":9,"column":184}},{"start":{"line":9,"column":187},"end":{"line":9,"column":196}}],"line":9},"8":{"loc":{"start":{"line":10,"column":2},"end":{"line":14,"column":20}},"type":"switch","locations":[{"start":{"line":11,"column":4},"end":{"line":12,"column":80}},{"start":{"line":13,"column":4},"end":{"line":14,"column":19}}],"line":10}},"s":{"0":2,"1":2,"2":2,"3":2,"4":2,"5":2,"6":0,"7":0,"8":0,"9":0,"10":0,"11":0,"12":0,"13":0,"14":0,"15":0,"16":0,"17":0,"18":0,"19":0,"20":0,"21":0,"22":0,"23":0,"24":0,"25":2,"26":2,"27":6,"28":6,"29":6,"30":0,"31":6,"32":2},"f":{"0":0,"1":0,"2":0,"3":0,"4":0,"5":6},"b":{"0":[0,0],"1":[0,0],"2":[0,0],"3":[0,0],"4":[0,0],"5":[0,6],"6":[6,6],"7":[6,0],"8":[0,6]},"_coverageSchema":"43e27e138ebf9cfc5966b082cf9a028302ed4184","hash":"44fbf5d196c2dc31210046a42e377f38f4507bfc"}
}
