TN:
SF:/home/waleed/Documents/Reddit/app/components/NewsItem/index.js
FN:5,(anonymous_0)
FN:5,NewsItem
FN:6,(anonymous_2)
FN:8,timeAgo
FN:13,validUrl
FN:22,render
FNF:6
FNH:1
FNDA:2,(anonymous_0)
FNDA:0,NewsItem
FNDA:0,(anonymous_2)
FNDA:0,timeAgo
FNDA:0,validUrl
FNDA:0,render
DA:1,2
DA:2,2
DA:3,2
DA:4,2
DA:5,2
DA:7,0
DA:8,2
DA:11,0
DA:12,0
DA:16,0
DA:17,0
DA:18,0
DA:20,0
DA:25,0
DA:26,0
DA:27,0
DA:93,2
DA:96,2
LF:18
LH:8
BRDA:17,0,0,0
BRDA:17,0,1,0
BRDA:33,1,0,0
BRDA:33,1,1,0
BRF:4
BRH:0
end_of_record
TN:
SF:/home/waleed/Documents/Reddit/app/components/NewsItem/styles.js
FNF:0
FNH:0
DA:1,2
DA:3,2
DA:38,2
LF:3
LH:3
BRF:0
BRH:0
end_of_record
TN:
SF:/home/waleed/Documents/Reddit/app/components/NewsList/Index.js
FN:7,(anonymous_0)
FN:7,NewsList
FN:10,(anonymous_2)
FN:12,(anonymous_3)
FN:13,(anonymous_4)
FN:20,(anonymous_5)
FN:27,componentWillMount
FN:33,componentWillReceiveProps
FN:37,render
FN:54,mapStateToProps
FNF:10
FNH:1
FNDA:1,(anonymous_0)
FNDA:0,NewsList
FNDA:0,(anonymous_2)
FNDA:0,(anonymous_3)
FNDA:0,(anonymous_4)
FNDA:0,(anonymous_5)
FNDA:0,componentWillMount
FNDA:0,componentWillReceiveProps
FNDA:0,render
FNDA:0,mapStateToProps
DA:1,1
DA:2,1
DA:3,1
DA:4,1
DA:5,1
DA:6,1
DA:7,1
DA:8,0
DA:10,0
DA:13,0
DA:14,0
DA:15,0
DA:16,0
DA:18,0
DA:20,0
DA:27,1
DA:32,0
DA:36,0
DA:40,0
DA:41,0
DA:51,1
DA:54,1
DA:55,0
DA:56,0
DA:59,1
DA:62,1
LF:26
LH:12
BRF:0
BRH:0
end_of_record
TN:
SF:/home/waleed/Documents/Reddit/app/components/NewsList/styles.js
FNF:0
FNH:0
DA:1,1
DA:3,1
DA:13,1
LF:3
LH:3
BRF:0
BRH:0
end_of_record
TN:
SF:/home/waleed/Documents/Reddit/app/config/index.js
FNF:0
FNH:0
DA:1,1
DA:2,1
LF:2
LH:2
BRF:0
BRH:0
end_of_record
TN:
SF:/home/waleed/Documents/Reddit/app/store/store.js
FNF:0
FNH:0
DA:1,2
DA:2,2
DA:3,2
DA:4,2
DA:6,2
DA:9,2
DA:11,2
LF:7
LH:7
BRF:0
BRH:0
end_of_record
TN:
SF:/home/waleed/Documents/Reddit/app/store/types.js
FNF:0
FNH:0
DA:1,2
LF:1
LH:1
BRF:0
BRH:0
end_of_record
TN:
SF:/home/waleed/Documents/Reddit/app/store/actions/NewsAction.js
FN:6,getList
FN:7,(anonymous_1)
FN:11,(anonymous_2)
FN:18,(anonymous_3)
FNF:4
FNH:0
FNDA:0,getList
FNDA:0,(anonymous_1)
FNDA:0,(anonymous_2)
FNDA:0,(anonymous_3)
DA:1,1
DA:2,1
DA:3,1
DA:4,1
DA:7,0
DA:8,0
DA:9,0
DA:12,0
DA:13,0
DA:19,0
LF:10
LH:4
BRF:0
BRH:0
end_of_record
TN:
SF:/home/waleed/Documents/Reddit/app/store/reducer/NewsReducer.js
FN:2,ownKeys
FN:2,(anonymous_1)
FN:2,_objectSpread
FN:2,(anonymous_3)
FN:2,(anonymous_4)
FN:9,newsReducer
FNF:6
FNH:1
FNDA:0,ownKeys
FNDA:0,(anonymous_1)
FNDA:0,_objectSpread
FNDA:0,(anonymous_3)
FNDA:0,(anonymous_4)
FNDA:6,newsReducer
DA:1,2
DA:2,2
DA:4,2
DA:9,6
DA:10,6
DA:12,0
DA:14,6
DA:16,2
LF:8
LH:7
BRDA:2,0,0,0
BRDA:2,0,1,0
BRDA:2,1,0,0
BRDA:2,1,1,0
BRDA:2,2,0,0
BRDA:2,2,1,0
BRDA:2,3,0,0
BRDA:2,3,1,0
BRDA:2,4,0,0
BRDA:2,4,1,0
BRDA:9,5,0,0
BRDA:9,5,1,6
BRDA:9,6,0,6
BRDA:9,6,1,6
BRDA:9,7,0,6
BRDA:9,7,1,0
BRDA:10,8,0,0
BRDA:10,8,1,6
BRF:18
BRH:5
end_of_record
